
*** Running vivado
    with args -log top_clock_module.vds -m64 -product Vivado -mode batch -messageDb vivado.pb -notrace -source top_clock_module.tcl


ECHO is off.
ECHO is off.

****** Vivado v2023.1 (64-bit)
  **** SW Build 3865809 on Sun May  7 15:05:29 MDT 2023
  **** IP Build 3864474 on Sun May  7 20:36:21 MDT 2023
  **** SharedData Build 3865790 on Sun May 07 13:33:03 MDT 2023
    ** Copyright 1986-2022 Xilinx, Inc. All Rights Reserved.
    ** Copyright 2022-2023 Advanced Micro Devices, Inc. All Rights Reserved.

source top_clock_module.tcl -notrace
create_project: Time (s): cpu = 00:00:06 ; elapsed = 00:00:06 . Memory (MB): peak = 455.645 ; gain = 160.035
Command: read_checkpoint -auto_incremental -incremental C:/Users/bestk/Desktop/KMUTT/CPE222/CountDownNAlarmClock/CountDownNAlarmClock.srcs/utils_1/imports/synth_1/top_clock_module.dcp
INFO: [Vivado 12-5825] Read reference checkpoint from C:/Users/bestk/Desktop/KMUTT/CPE222/CountDownNAlarmClock/CountDownNAlarmClock.srcs/utils_1/imports/synth_1/top_clock_module.dcp for incremental synthesis
INFO: [Vivado 12-7989] Please ensure there are no constraint changes
Command: synth_design -top top_clock_module -part xc7a35tcpg236-1
Starting synth_design
Attempting to get a license for feature 'Synthesis' and/or device 'xc7a35t'
INFO: [Common 17-349] Got license for feature 'Synthesis' and/or device 'xc7a35t'
INFO: [Device 21-403] Loading part xc7a35tcpg236-1
INFO: [Designutils 20-5440] No compile time benefit to using incremental synthesis; A full resynthesis will be run
INFO: [Designutils 20-4379] Flow is switching to default flow due to incremental criteria not met. If you would like to alter this behaviour and have the flow terminate instead, please set the following parameter config_implementation {autoIncr.Synth.RejectBehavior Terminate}
INFO: [Synth 8-7079] Multithreading enabled for synth_design using a maximum of 2 processes.
INFO: [Synth 8-7078] Launching helper process for spawning children vivado processes
INFO: [Synth 8-7075] Helper process launched with PID 6292
INFO: [Synth 8-11241] undeclared symbol 'setting_db', assumed default net type 'wire' [C:/Users/bestk/Desktop/KMUTT/CPE222/CountDownNAlarmClock/CountDownNAlarmClock.srcs/sources_1/new/top_bin_clk.v:24]
---------------------------------------------------------------------------------
Starting RTL Elaboration : Time (s): cpu = 00:00:05 ; elapsed = 00:00:06 . Memory (MB): peak = 1272.754 ; gain = 412.793
---------------------------------------------------------------------------------
INFO: [Synth 8-6157] synthesizing module 'top_clock_module' [C:/Users/bestk/Desktop/KMUTT/CPE222/CountDownNAlarmClock/CountDownNAlarmClock.srcs/sources_1/new/top_clock_module.v:22]
INFO: [Synth 8-6157] synthesizing module 'top_bin_clock' [C:/Users/bestk/Desktop/KMUTT/CPE222/CountDownNAlarmClock/CountDownNAlarmClock.srcs/sources_1/new/top_bin_clk.v:3]
INFO: [Synth 8-6157] synthesizing module 'btn_ripple' [C:/Users/bestk/Desktop/KMUTT/CPE222/CountDownNAlarmClock/CountDownNAlarmClock.srcs/sources_1/new/btn_ripple.v:23]
INFO: [Synth 8-6155] done synthesizing module 'btn_ripple' (0#1) [C:/Users/bestk/Desktop/KMUTT/CPE222/CountDownNAlarmClock/CountDownNAlarmClock.srcs/sources_1/new/btn_ripple.v:23]
INFO: [Synth 8-6157] synthesizing module 'tff' [C:/Users/bestk/Desktop/KMUTT/CPE222/CountDownNAlarmClock/CountDownNAlarmClock.srcs/sources_1/new/tff.v:23]
INFO: [Synth 8-6155] done synthesizing module 'tff' (0#1) [C:/Users/bestk/Desktop/KMUTT/CPE222/CountDownNAlarmClock/CountDownNAlarmClock.srcs/sources_1/new/tff.v:23]
INFO: [Synth 8-6157] synthesizing module 'oneHz_generator' [C:/Users/bestk/Desktop/KMUTT/CPE222/CountDownNAlarmClock/CountDownNAlarmClock.srcs/sources_1/new/1secHzgen.v:22]
INFO: [Synth 8-6155] done synthesizing module 'oneHz_generator' (0#1) [C:/Users/bestk/Desktop/KMUTT/CPE222/CountDownNAlarmClock/CountDownNAlarmClock.srcs/sources_1/new/1secHzgen.v:22]
INFO: [Synth 8-6157] synthesizing module 'seconds' [C:/Users/bestk/Desktop/KMUTT/CPE222/CountDownNAlarmClock/CountDownNAlarmClock.srcs/sources_1/new/seconds.v:23]
INFO: [Synth 8-6155] done synthesizing module 'seconds' (0#1) [C:/Users/bestk/Desktop/KMUTT/CPE222/CountDownNAlarmClock/CountDownNAlarmClock.srcs/sources_1/new/seconds.v:23]
INFO: [Synth 8-6157] synthesizing module 'minutes' [C:/Users/bestk/Desktop/KMUTT/CPE222/CountDownNAlarmClock/CountDownNAlarmClock.srcs/sources_1/new/minutes.v:3]
INFO: [Synth 8-6155] done synthesizing module 'minutes' (0#1) [C:/Users/bestk/Desktop/KMUTT/CPE222/CountDownNAlarmClock/CountDownNAlarmClock.srcs/sources_1/new/minutes.v:3]
INFO: [Synth 8-6157] synthesizing module 'hours' [C:/Users/bestk/Desktop/KMUTT/CPE222/CountDownNAlarmClock/CountDownNAlarmClock.srcs/sources_1/new/hours.v:3]
INFO: [Synth 8-6155] done synthesizing module 'hours' (0#1) [C:/Users/bestk/Desktop/KMUTT/CPE222/CountDownNAlarmClock/CountDownNAlarmClock.srcs/sources_1/new/hours.v:3]
INFO: [Synth 8-6155] done synthesizing module 'top_bin_clock' (0#1) [C:/Users/bestk/Desktop/KMUTT/CPE222/CountDownNAlarmClock/CountDownNAlarmClock.srcs/sources_1/new/top_bin_clk.v:3]
INFO: [Synth 8-6157] synthesizing module 'bin2bcd' [C:/Users/bestk/Desktop/KMUTT/CPE222/CountDownNAlarmClock/CountDownNAlarmClock.srcs/sources_1/new/bin2bcd.v:22]
INFO: [Synth 8-6155] done synthesizing module 'bin2bcd' (0#1) [C:/Users/bestk/Desktop/KMUTT/CPE222/CountDownNAlarmClock/CountDownNAlarmClock.srcs/sources_1/new/bin2bcd.v:22]
INFO: [Synth 8-6157] synthesizing module 'bcd7seg' [C:/Users/bestk/Desktop/KMUTT/CPE222/CountDownNAlarmClock/CountDownNAlarmClock.srcs/sources_1/new/bcd7seg.v:3]
WARNING: [Synth 8-567] referenced signal 'a' should be on the sensitivity list [C:/Users/bestk/Desktop/KMUTT/CPE222/CountDownNAlarmClock/CountDownNAlarmClock.srcs/sources_1/new/bcd7seg.v:47]
WARNING: [Synth 8-567] referenced signal 'b' should be on the sensitivity list [C:/Users/bestk/Desktop/KMUTT/CPE222/CountDownNAlarmClock/CountDownNAlarmClock.srcs/sources_1/new/bcd7seg.v:47]
WARNING: [Synth 8-567] referenced signal 'c' should be on the sensitivity list [C:/Users/bestk/Desktop/KMUTT/CPE222/CountDownNAlarmClock/CountDownNAlarmClock.srcs/sources_1/new/bcd7seg.v:47]
WARNING: [Synth 8-567] referenced signal 'd' should be on the sensitivity list [C:/Users/bestk/Desktop/KMUTT/CPE222/CountDownNAlarmClock/CountDownNAlarmClock.srcs/sources_1/new/bcd7seg.v:47]
INFO: [Synth 8-155] case statement is not full and has no default [C:/Users/bestk/Desktop/KMUTT/CPE222/CountDownNAlarmClock/CountDownNAlarmClock.srcs/sources_1/new/bcd7seg.v:70]
INFO: [Synth 8-6155] done synthesizing module 'bcd7seg' (0#1) [C:/Users/bestk/Desktop/KMUTT/CPE222/CountDownNAlarmClock/CountDownNAlarmClock.srcs/sources_1/new/bcd7seg.v:3]
INFO: [Synth 8-6155] done synthesizing module 'top_clock_module' (0#1) [C:/Users/bestk/Desktop/KMUTT/CPE222/CountDownNAlarmClock/CountDownNAlarmClock.srcs/sources_1/new/top_clock_module.v:22]
---------------------------------------------------------------------------------
Finished RTL Elaboration : Time (s): cpu = 00:00:07 ; elapsed = 00:00:09 . Memory (MB): peak = 1363.238 ; gain = 503.277
---------------------------------------------------------------------------------
---------------------------------------------------------------------------------
Start Handling Custom Attributes
---------------------------------------------------------------------------------
---------------------------------------------------------------------------------
Finished Handling Custom Attributes : Time (s): cpu = 00:00:07 ; elapsed = 00:00:09 . Memory (MB): peak = 1363.238 ; gain = 503.277
---------------------------------------------------------------------------------
---------------------------------------------------------------------------------
Finished RTL Optimization Phase 1 : Time (s): cpu = 00:00:07 ; elapsed = 00:00:09 . Memory (MB): peak = 1363.238 ; gain = 503.277
---------------------------------------------------------------------------------
Netlist sorting complete. Time (s): cpu = 00:00:00 ; elapsed = 00:00:00.003 . Memory (MB): peak = 1363.238 ; gain = 0.000
INFO: [Project 1-570] Preparing netlist for logic optimization

Processing XDC Constraints
Initializing timing engine
Parsing XDC File [C:/Users/bestk/Desktop/KMUTT/CPE222/CountDownNAlarmClock/Basys3_Master.xdc]
WARNING: [Vivado 12-584] No ports matched 'btnL'. [C:/Users/bestk/Desktop/KMUTT/CPE222/CountDownNAlarmClock/Basys3_Master.xdc:115]
CRITICAL WARNING: [Common 17-55] 'set_property' expects at least one object. [C:/Users/bestk/Desktop/KMUTT/CPE222/CountDownNAlarmClock/Basys3_Master.xdc:115]
Resolution: If [get_<value>] was used to populate the object, check to make sure this command returns at least one valid object.
WARNING: [Vivado 12-584] No ports matched 'btnL'. [C:/Users/bestk/Desktop/KMUTT/CPE222/CountDownNAlarmClock/Basys3_Master.xdc:116]
CRITICAL WARNING: [Common 17-55] 'set_property' expects at least one object. [C:/Users/bestk/Desktop/KMUTT/CPE222/CountDownNAlarmClock/Basys3_Master.xdc:116]
Resolution: If [get_<value>] was used to populate the object, check to make sure this command returns at least one valid object.
WARNING: [Vivado 12-584] No ports matched 'btnR'. [C:/Users/bestk/Desktop/KMUTT/CPE222/CountDownNAlarmClock/Basys3_Master.xdc:117]
CRITICAL WARNING: [Common 17-55] 'set_property' expects at least one object. [C:/Users/bestk/Desktop/KMUTT/CPE222/CountDownNAlarmClock/Basys3_Master.xdc:117]
Resolution: If [get_<value>] was used to populate the object, check to make sure this command returns at least one valid object.
WARNING: [Vivado 12-584] No ports matched 'btnR'. [C:/Users/bestk/Desktop/KMUTT/CPE222/CountDownNAlarmClock/Basys3_Master.xdc:118]
CRITICAL WARNING: [Common 17-55] 'set_property' expects at least one object. [C:/Users/bestk/Desktop/KMUTT/CPE222/CountDownNAlarmClock/Basys3_Master.xdc:118]
Resolution: If [get_<value>] was used to populate the object, check to make sure this command returns at least one valid object.
Finished Parsing XDC File [C:/Users/bestk/Desktop/KMUTT/CPE222/CountDownNAlarmClock/Basys3_Master.xdc]
INFO: [Project 1-236] Implementation specific constraints were found while reading constraint file [C:/Users/bestk/Desktop/KMUTT/CPE222/CountDownNAlarmClock/Basys3_Master.xdc]. These constraints will be ignored for synthesis but will be used in implementation. Impacted constraints are listed in the file [.Xil/top_clock_module_propImpl.xdc].
Resolution: To avoid this warning, move constraints listed in [.Xil/top_clock_module_propImpl.xdc] to another XDC file and exclude this new file from synthesis with the used_in_synthesis property (File Properties dialog in GUI) and re-run elaboration/synthesis.
Completed Processing XDC Constraints

Netlist sorting complete. Time (s): cpu = 00:00:00 ; elapsed = 00:00:00 . Memory (MB): peak = 1450.359 ; gain = 0.000
INFO: [Project 1-111] Unisim Transformation Summary:
No Unisim elements were transformed.

Constraint Validation Runtime : Time (s): cpu = 00:00:00 ; elapsed = 00:00:00.004 . Memory (MB): peak = 1450.359 ; gain = 0.000
INFO: [Designutils 20-5440] No compile time benefit to using incremental synthesis; A full resynthesis will be run
INFO: [Designutils 20-4379] Flow is switching to default flow due to incremental criteria not met. If you would like to alter this behaviour and have the flow terminate instead, please set the following parameter config_implementation {autoIncr.Synth.RejectBehavior Terminate}
---------------------------------------------------------------------------------
Finished Constraint Validation : Time (s): cpu = 00:00:15 ; elapsed = 00:00:18 . Memory (MB): peak = 1450.359 ; gain = 590.398
---------------------------------------------------------------------------------
---------------------------------------------------------------------------------
Start Loading Part and Timing Information
---------------------------------------------------------------------------------
Loading part: xc7a35tcpg236-1
---------------------------------------------------------------------------------
Finished Loading Part and Timing Information : Time (s): cpu = 00:00:15 ; elapsed = 00:00:18 . Memory (MB): peak = 1450.359 ; gain = 590.398
---------------------------------------------------------------------------------
---------------------------------------------------------------------------------
Start Applying 'set_property' XDC Constraints
---------------------------------------------------------------------------------
---------------------------------------------------------------------------------
Finished applying 'set_property' XDC Constraints : Time (s): cpu = 00:00:15 ; elapsed = 00:00:18 . Memory (MB): peak = 1450.359 ; gain = 590.398
---------------------------------------------------------------------------------
WARNING: [Synth 8-327] inferring latch for variable 'seg_reg' [C:/Users/bestk/Desktop/KMUTT/CPE222/CountDownNAlarmClock/CountDownNAlarmClock.srcs/sources_1/new/bcd7seg.v:71]
---------------------------------------------------------------------------------
Finished RTL Optimization Phase 2 : Time (s): cpu = 00:00:15 ; elapsed = 00:00:19 . Memory (MB): peak = 1450.359 ; gain = 590.398
---------------------------------------------------------------------------------
---------------------------------------------------------------------------------
Start RTL Component Statistics 
---------------------------------------------------------------------------------
Detailed RTL Component Info : 
+---Adders : 
	   2 Input   26 Bit       Adders := 1     
	   2 Input   17 Bit       Adders := 1     
	   2 Input    6 Bit       Adders := 3     
	   2 Input    2 Bit       Adders := 1     
+---Registers : 
	               26 Bit    Registers := 1     
	               17 Bit    Registers := 1     
	                6 Bit    Registers := 3     
	                2 Bit    Registers := 1     
	                1 Bit    Registers := 14    
+---Muxes : 
	   2 Input   17 Bit        Muxes := 1     
	   2 Input    6 Bit        Muxes := 3     
	   4 Input    4 Bit        Muxes := 2     
	   2 Input    1 Bit        Muxes := 2     
	  11 Input    1 Bit        Muxes := 1     
---------------------------------------------------------------------------------
Finished RTL Component Statistics 
---------------------------------------------------------------------------------
---------------------------------------------------------------------------------
Start Part Resource Summary
---------------------------------------------------------------------------------
Part Resources:
DSPs: 90 (col length:60)
BRAMs: 100 (col length: RAMB18 60 RAMB36 30)
---------------------------------------------------------------------------------
Finished Part Resource Summary
---------------------------------------------------------------------------------
---------------------------------------------------------------------------------
Start Cross Boundary and Area Optimization
---------------------------------------------------------------------------------
WARNING: [Synth 8-7080] Parallel synthesis criteria is not met
WARNING: [Synth 8-3332] Sequential element (seg7/seg_reg[0]) is unused and will be removed from module top_clock_module.
WARNING: [Synth 8-3332] Sequential element (seg7/seg_reg[1]) is unused and will be removed from module top_clock_module.
WARNING: [Synth 8-3332] Sequential element (seg7/seg_reg[2]) is unused and will be removed from module top_clock_module.
WARNING: [Synth 8-3332] Sequential element (seg7/seg_reg[3]) is unused and will be removed from module top_clock_module.
WARNING: [Synth 8-3332] Sequential element (seg7/seg_reg[4]) is unused and will be removed from module top_clock_module.
WARNING: [Synth 8-3332] Sequential element (seg7/seg_reg[5]) is unused and will be removed from module top_clock_module.
WARNING: [Synth 8-3332] Sequential element (seg7/seg_reg[6]) is unused and will be removed from module top_clock_module.
---------------------------------------------------------------------------------
Finished Cross Boundary and Area Optimization : Time (s): cpu = 00:00:19 ; elapsed = 00:00:22 . Memory (MB): peak = 1450.359 ; gain = 590.398
---------------------------------------------------------------------------------
---------------------------------------------------------------------------------
Start Applying XDC Timing Constraints
---------------------------------------------------------------------------------
---------------------------------------------------------------------------------
Finished Applying XDC Timing Constraints : Time (s): cpu = 00:00:24 ; elapsed = 00:00:28 . Memory (MB): peak = 1450.359 ; gain = 590.398
---------------------------------------------------------------------------------
---------------------------------------------------------------------------------
Start Timing Optimization
---------------------------------------------------------------------------------
---------------------------------------------------------------------------------
Finished Timing Optimization : Time (s): cpu = 00:00:24 ; elapsed = 00:00:29 . Memory (MB): peak = 1450.359 ; gain = 590.398
---------------------------------------------------------------------------------
---------------------------------------------------------------------------------
Start Technology Mapping
---------------------------------------------------------------------------------
---------------------------------------------------------------------------------
Finished Technology Mapping : Time (s): cpu = 00:00:24 ; elapsed = 00:00:29 . Memory (MB): peak = 1450.359 ; gain = 590.398
---------------------------------------------------------------------------------
---------------------------------------------------------------------------------
Start IO Insertion
---------------------------------------------------------------------------------
---------------------------------------------------------------------------------
Start Flattening Before IO Insertion
---------------------------------------------------------------------------------
---------------------------------------------------------------------------------
Finished Flattening Before IO Insertion
---------------------------------------------------------------------------------
---------------------------------------------------------------------------------
Start Final Netlist Cleanup
---------------------------------------------------------------------------------
---------------------------------------------------------------------------------
Finished Final Netlist Cleanup
---------------------------------------------------------------------------------
---------------------------------------------------------------------------------
Finished IO Insertion : Time (s): cpu = 00:00:31 ; elapsed = 00:00:37 . Memory (MB): peak = 1450.359 ; gain = 590.398
---------------------------------------------------------------------------------
---------------------------------------------------------------------------------
Start Renaming Generated Instances
---------------------------------------------------------------------------------
---------------------------------------------------------------------------------
Finished Renaming Generated Instances : Time (s): cpu = 00:00:31 ; elapsed = 00:00:37 . Memory (MB): peak = 1450.359 ; gain = 590.398
---------------------------------------------------------------------------------
---------------------------------------------------------------------------------
Start Rebuilding User Hierarchy
---------------------------------------------------------------------------------
---------------------------------------------------------------------------------
Finished Rebuilding User Hierarchy : Time (s): cpu = 00:00:31 ; elapsed = 00:00:37 . Memory (MB): peak = 1450.359 ; gain = 590.398
---------------------------------------------------------------------------------
---------------------------------------------------------------------------------
Start Renaming Generated Ports
---------------------------------------------------------------------------------
---------------------------------------------------------------------------------
Finished Renaming Generated Ports : Time (s): cpu = 00:00:31 ; elapsed = 00:00:37 . Memory (MB): peak = 1450.359 ; gain = 590.398
---------------------------------------------------------------------------------
---------------------------------------------------------------------------------
Start Handling Custom Attributes
---------------------------------------------------------------------------------
---------------------------------------------------------------------------------
Finished Handling Custom Attributes : Time (s): cpu = 00:00:31 ; elapsed = 00:00:37 . Memory (MB): peak = 1450.359 ; gain = 590.398
---------------------------------------------------------------------------------
---------------------------------------------------------------------------------
Start Renaming Generated Nets
---------------------------------------------------------------------------------
---------------------------------------------------------------------------------
Finished Renaming Generated Nets : Time (s): cpu = 00:00:31 ; elapsed = 00:00:37 . Memory (MB): peak = 1450.359 ; gain = 590.398
---------------------------------------------------------------------------------
---------------------------------------------------------------------------------
Start ROM, RAM, DSP, Shift Register and Retiming Reporting
---------------------------------------------------------------------------------

Static Shift Register Report:
+-----------------+----------------------+--------+-------+--------------+--------------------+-------------------+--------+---------+
|Module Name      | RTL Name             | Length | Width | Reset Signal | Pull out first Reg | Pull out last Reg | SRL16E | SRLC32E | 
+-----------------+----------------------+--------+-------+--------------+--------------------+-------------------+--------+---------+
|top_clock_module | bin/bReset/temp3_reg | 3      | 1     | NO           | NO                 | YES               | 1      | 0       | 
+-----------------+----------------------+--------+-------+--------------+--------------------+-------------------+--------+---------+

---------------------------------------------------------------------------------
Finished ROM, RAM, DSP, Shift Register and Retiming Reporting
---------------------------------------------------------------------------------
---------------------------------------------------------------------------------
Start Writing Synthesis Report
---------------------------------------------------------------------------------

Report BlackBoxes: 
+-+--------------+----------+
| |BlackBox name |Instances |
+-+--------------+----------+
+-+--------------+----------+

Report Cell Usage: 
+------+-------+------+
|      |Cell   |Count |
+------+-------+------+
|1     |BUFG   |     1|
|2     |CARRY4 |    11|
|3     |LUT1   |     3|
|4     |LUT2   |    25|
|5     |LUT3   |     2|
|6     |LUT4   |    11|
|7     |LUT5   |    17|
|8     |LUT6   |    31|
|9     |MUXF7  |     9|
|10    |MUXF8  |     4|
|11    |SRL16E |     1|
|12    |FDCE   |    37|
|13    |FDRE   |    38|
|14    |IBUF   |     5|
|15    |OBUF   |    13|
+------+-------+------+
---------------------------------------------------------------------------------
Finished Writing Synthesis Report : Time (s): cpu = 00:00:31 ; elapsed = 00:00:37 . Memory (MB): peak = 1450.359 ; gain = 590.398
---------------------------------------------------------------------------------
Synthesis finished with 0 errors, 0 critical warnings and 9 warnings.
Synthesis Optimization Runtime : Time (s): cpu = 00:00:22 ; elapsed = 00:00:35 . Memory (MB): peak = 1450.359 ; gain = 503.277
Synthesis Optimization Complete : Time (s): cpu = 00:00:31 ; elapsed = 00:00:37 . Memory (MB): peak = 1450.359 ; gain = 590.398
INFO: [Project 1-571] Translating synthesized netlist
Netlist sorting complete. Time (s): cpu = 00:00:00 ; elapsed = 00:00:00.002 . Memory (MB): peak = 1450.359 ; gain = 0.000
INFO: [Netlist 29-17] Analyzing 24 Unisim elements for replacement
INFO: [Netlist 29-28] Unisim Transformation completed in 0 CPU seconds
INFO: [Project 1-570] Preparing netlist for logic optimization
INFO: [Opt 31-138] Pushed 0 inverter(s) to 0 load pin(s).
Netlist sorting complete. Time (s): cpu = 00:00:00 ; elapsed = 00:00:00 . Memory (MB): peak = 1450.359 ; gain = 0.000
INFO: [Project 1-111] Unisim Transformation Summary:
No Unisim elements were transformed.

Synth Design complete | Checksum: 578bc0a5
INFO: [Common 17-83] Releasing license: Synthesis
43 Infos, 17 Warnings, 4 Critical Warnings and 0 Errors encountered.
synth_design completed successfully
synth_design: Time (s): cpu = 00:00:36 ; elapsed = 00:00:43 . Memory (MB): peak = 1450.359 ; gain = 969.609
INFO: [runtcl-6] Synthesis results are not added to the cache due to CRITICAL_WARNING
INFO: [Common 17-1381] The checkpoint 'C:/Users/bestk/Desktop/KMUTT/CPE222/CountDownNAlarmClock/CountDownNAlarmClock.runs/synth_1/top_clock_module.dcp' has been generated.
INFO: [runtcl-4] Executing : report_utilization -file top_clock_module_utilization_synth.rpt -pb top_clock_module_utilization_synth.pb
INFO: [Common 17-206] Exiting Vivado at Mon Nov 13 00:40:29 2023...
